<?xml version="1.0" encoding="UTF-8"?>
<testng-results ignored="0" total="1" passed="1" failed="0" skipped="0">
  <reporter-output>
  </reporter-output>
  <suite started-at="2025-03-05T15:14:17 IST" name="Suite" finished-at="2025-03-05T15:14:32 IST" duration-ms="15126">
    <groups>
    </groups>
    <test started-at="2025-03-05T15:14:17 IST" name="Test" finished-at="2025-03-05T15:14:32 IST" duration-ms="15126">
      <class name="api.test.UserTest">
        <test-method is-config="true" signature="setup()[pri:0, instance:api.test.UserTest@74f0ea28]" started-at="2025-03-05T15:14:17 IST" name="setup" finished-at="2025-03-05T15:14:18 IST" duration-ms="741" status="PASS">
          <reporter-output>
          </reporter-output>
        </test-method> <!-- setup -->
        <test-method signature="testPostUser()[pri:1, instance:api.test.UserTest@74f0ea28]" started-at="2025-03-05T15:14:18 IST" name="testPostUser" finished-at="2025-03-05T15:14:32 IST" duration-ms="14129" status="PASS">
          <reporter-output>
          </reporter-output>
        </test-method> <!-- testPostUser -->
      </class> <!-- api.test.UserTest -->
    </test> <!-- Test -->
  </suite> <!-- Suite -->
</testng-results>
