<?xml version="1.0" encoding="UTF-8"?>
<testng-results ignored="0" total="1" passed="1" failed="0" skipped="0">
  <reporter-output>
  </reporter-output>
  <suite started-at="2025-04-19T18:25:13 IST" name="Suite" finished-at="2025-04-19T18:25:28 IST" duration-ms="14521">
    <groups>
    </groups>
    <test started-at="2025-04-19T18:25:13 IST" name="Test" finished-at="2025-04-19T18:25:28 IST" duration-ms="14521">
      <class name="api.test.UserTest">
        <test-method is-config="true" signature="setup()[pri:0, instance:api.test.UserTest@5ffead27]" started-at="2025-04-19T18:25:14 IST" name="setup" finished-at="2025-04-19T18:25:14 IST" duration-ms="595" status="PASS">
          <reporter-output>
          </reporter-output>
        </test-method> <!-- setup -->
        <test-method signature="testPostUser()[pri:1, instance:api.test.UserTest@5ffead27]" started-at="2025-04-19T18:25:14 IST" name="testPostUser" finished-at="2025-04-19T18:25:28 IST" duration-ms="13691" status="PASS">
          <reporter-output>
          </reporter-output>
        </test-method> <!-- testPostUser -->
      </class> <!-- api.test.UserTest -->
    </test> <!-- Test -->
  </suite> <!-- Suite -->
</testng-results>
